0 info it worked if it ends with ok
1 verbose cli [ 'node', '/usr/local/bin/npm', 'install' ]
2 info using npm@1.4.28
3 info using node@v0.10.36
4 verbose readDependencies using package.json deps
5 verbose install where, deps [ '/Users/simon/Documents/Sites/netlash/chopstick-boilerplate',
5 verbose install   [ 'browser-sync',
5 verbose install     'gulp',
5 verbose install     'gulp-autoprefixer',
5 verbose install     'gulp-combine-media-queries',
5 verbose install     'gulp-concat',
5 verbose install     'gulp-filesize',
5 verbose install     'gulp-filter',
5 verbose install     'gulp-minify-css',
5 verbose install     'gulp-plumber',
5 verbose install     'gulp-sass',
5 verbose install     'gulp-sourcemaps',
5 verbose install     'gulp-util',
5 verbose install     'gulp-watch' ] ]
6 info preinstall Chopstick-boilerplate@0.3.3
7 verbose readDependencies using package.json deps
8 verbose cache add [ 'browser-sync@~0.8.2', null ]
9 verbose cache add name=undefined spec="browser-sync@~0.8.2" args=["browser-sync@~0.8.2",null]
10 verbose parsed url { protocol: null,
10 verbose parsed url   slashes: null,
10 verbose parsed url   auth: null,
10 verbose parsed url   host: null,
10 verbose parsed url   port: null,
10 verbose parsed url   hostname: null,
10 verbose parsed url   hash: null,
10 verbose parsed url   search: null,
10 verbose parsed url   query: null,
10 verbose parsed url   pathname: 'browser-sync@~0.8.2',
10 verbose parsed url   path: 'browser-sync@~0.8.2',
10 verbose parsed url   href: 'browser-sync@~0.8.2' }
11 verbose cache add [ 'gulp@~3.8.5', null ]
12 verbose cache add name=undefined spec="gulp@~3.8.5" args=["gulp@~3.8.5",null]
13 verbose parsed url { protocol: null,
13 verbose parsed url   slashes: null,
13 verbose parsed url   auth: null,
13 verbose parsed url   host: null,
13 verbose parsed url   port: null,
13 verbose parsed url   hostname: null,
13 verbose parsed url   hash: null,
13 verbose parsed url   search: null,
13 verbose parsed url   query: null,
13 verbose parsed url   pathname: 'gulp@~3.8.5',
13 verbose parsed url   path: 'gulp@~3.8.5',
13 verbose parsed url   href: 'gulp@~3.8.5' }
14 verbose cache add name="browser-sync" spec="~0.8.2" args=["browser-sync","~0.8.2"]
15 verbose parsed url { protocol: null,
15 verbose parsed url   slashes: null,
15 verbose parsed url   auth: null,
15 verbose parsed url   host: null,
15 verbose parsed url   port: null,
15 verbose parsed url   hostname: null,
15 verbose parsed url   hash: null,
15 verbose parsed url   search: null,
15 verbose parsed url   query: null,
15 verbose parsed url   pathname: '~0.8.2',
15 verbose parsed url   path: '~0.8.2',
15 verbose parsed url   href: '~0.8.2' }
16 verbose addNamed [ 'browser-sync', '~0.8.2' ]
17 verbose addNamed [ null, '>=0.8.2-0 <0.9.0-0' ]
18 verbose cache add [ 'gulp-autoprefixer@^2.0.0', null ]
19 verbose cache add name=undefined spec="gulp-autoprefixer@^2.0.0" args=["gulp-autoprefixer@^2.0.0",null]
20 verbose parsed url { protocol: null,
20 verbose parsed url   slashes: null,
20 verbose parsed url   auth: null,
20 verbose parsed url   host: null,
20 verbose parsed url   port: null,
20 verbose parsed url   hostname: null,
20 verbose parsed url   hash: null,
20 verbose parsed url   search: null,
20 verbose parsed url   query: null,
20 verbose parsed url   pathname: 'gulp-autoprefixer@^2.0.0',
20 verbose parsed url   path: 'gulp-autoprefixer@^2.0.0',
20 verbose parsed url   href: 'gulp-autoprefixer@^2.0.0' }
21 verbose cache add name="gulp" spec="~3.8.5" args=["gulp","~3.8.5"]
22 verbose parsed url { protocol: null,
22 verbose parsed url   slashes: null,
22 verbose parsed url   auth: null,
22 verbose parsed url   host: null,
22 verbose parsed url   port: null,
22 verbose parsed url   hostname: null,
22 verbose parsed url   hash: null,
22 verbose parsed url   search: null,
22 verbose parsed url   query: null,
22 verbose parsed url   pathname: '~3.8.5',
22 verbose parsed url   path: '~3.8.5',
22 verbose parsed url   href: '~3.8.5' }
23 verbose addNamed [ 'gulp', '~3.8.5' ]
24 verbose addNamed [ null, '>=3.8.5-0 <3.9.0-0' ]
25 silly lockFile ec4b5924-browser-sync-0-8-2 browser-sync@~0.8.2
26 verbose lock browser-sync@~0.8.2 /Users/simon/.npm/ec4b5924-browser-sync-0-8-2.lock
27 silly lockFile 2e0056fa-gulp-3-8-5 gulp@~3.8.5
28 verbose lock gulp@~3.8.5 /Users/simon/.npm/2e0056fa-gulp-3-8-5.lock
29 verbose cache add [ 'gulp-combine-media-queries@^0.2.0', null ]
30 verbose cache add name=undefined spec="gulp-combine-media-queries@^0.2.0" args=["gulp-combine-media-queries@^0.2.0",null]
31 verbose parsed url { protocol: null,
31 verbose parsed url   slashes: null,
31 verbose parsed url   auth: null,
31 verbose parsed url   host: null,
31 verbose parsed url   port: null,
31 verbose parsed url   hostname: null,
31 verbose parsed url   hash: null,
31 verbose parsed url   search: null,
31 verbose parsed url   query: null,
31 verbose parsed url   pathname: 'gulp-combine-media-queries@^0.2.0',
31 verbose parsed url   path: 'gulp-combine-media-queries@^0.2.0',
31 verbose parsed url   href: 'gulp-combine-media-queries@^0.2.0' }
32 verbose cache add name="gulp-autoprefixer" spec="^2.0.0" args=["gulp-autoprefixer","^2.0.0"]
33 verbose parsed url { protocol: null,
33 verbose parsed url   slashes: null,
33 verbose parsed url   auth: null,
33 verbose parsed url   host: null,
33 verbose parsed url   port: null,
33 verbose parsed url   hostname: null,
33 verbose parsed url   hash: null,
33 verbose parsed url   search: null,
33 verbose parsed url   query: null,
33 verbose parsed url   pathname: '^2.0.0',
33 verbose parsed url   path: '^2.0.0',
33 verbose parsed url   href: '^2.0.0' }
34 verbose addNamed [ 'gulp-autoprefixer', '^2.0.0' ]
35 verbose addNamed [ null, '>=2.0.0-0 <3.0.0-0' ]
36 silly lockFile 48e238dc-gulp-autoprefixer-2-0-0 gulp-autoprefixer@^2.0.0
37 verbose lock gulp-autoprefixer@^2.0.0 /Users/simon/.npm/48e238dc-gulp-autoprefixer-2-0-0.lock
38 verbose cache add [ 'gulp-concat@^2.4.2', null ]
39 verbose cache add name=undefined spec="gulp-concat@^2.4.2" args=["gulp-concat@^2.4.2",null]
40 verbose parsed url { protocol: null,
40 verbose parsed url   slashes: null,
40 verbose parsed url   auth: null,
40 verbose parsed url   host: null,
40 verbose parsed url   port: null,
40 verbose parsed url   hostname: null,
40 verbose parsed url   hash: null,
40 verbose parsed url   search: null,
40 verbose parsed url   query: null,
40 verbose parsed url   pathname: 'gulp-concat@^2.4.2',
40 verbose parsed url   path: 'gulp-concat@^2.4.2',
40 verbose parsed url   href: 'gulp-concat@^2.4.2' }
41 verbose cache add [ 'gulp-filesize@0.0.6', null ]
42 verbose cache add name=undefined spec="gulp-filesize@0.0.6" args=["gulp-filesize@0.0.6",null]
43 verbose parsed url { protocol: null,
43 verbose parsed url   slashes: null,
43 verbose parsed url   auth: null,
43 verbose parsed url   host: null,
43 verbose parsed url   port: null,
43 verbose parsed url   hostname: null,
43 verbose parsed url   hash: null,
43 verbose parsed url   search: null,
43 verbose parsed url   query: null,
43 verbose parsed url   pathname: 'gulp-filesize@0.0.6',
43 verbose parsed url   path: 'gulp-filesize@0.0.6',
43 verbose parsed url   href: 'gulp-filesize@0.0.6' }
44 verbose cache add name="gulp-combine-media-queries" spec="^0.2.0" args=["gulp-combine-media-queries","^0.2.0"]
45 verbose parsed url { protocol: null,
45 verbose parsed url   slashes: null,
45 verbose parsed url   auth: null,
45 verbose parsed url   host: null,
45 verbose parsed url   port: null,
45 verbose parsed url   hostname: null,
45 verbose parsed url   hash: null,
45 verbose parsed url   search: null,
45 verbose parsed url   query: null,
45 verbose parsed url   pathname: '^0.2.0',
45 verbose parsed url   path: '^0.2.0',
45 verbose parsed url   href: '^0.2.0' }
46 verbose addNamed [ 'gulp-combine-media-queries', '^0.2.0' ]
47 verbose addNamed [ null, '>=0.2.0-0 <0.3.0-0' ]
48 silly lockFile 79977153-gulp-combine-media-queries-0-2-0 gulp-combine-media-queries@^0.2.0
49 verbose lock gulp-combine-media-queries@^0.2.0 /Users/simon/.npm/79977153-gulp-combine-media-queries-0-2-0.lock
50 silly addNameRange { name: 'browser-sync',
50 silly addNameRange   range: '>=0.8.2-0 <0.9.0-0',
50 silly addNameRange   hasData: false }
51 silly addNameRange { name: 'gulp', range: '>=3.8.5-0 <3.9.0-0', hasData: false }
52 verbose cache add name="gulp-concat" spec="^2.4.2" args=["gulp-concat","^2.4.2"]
53 verbose parsed url { protocol: null,
53 verbose parsed url   slashes: null,
53 verbose parsed url   auth: null,
53 verbose parsed url   host: null,
53 verbose parsed url   port: null,
53 verbose parsed url   hostname: null,
53 verbose parsed url   hash: null,
53 verbose parsed url   search: null,
53 verbose parsed url   query: null,
53 verbose parsed url   pathname: '^2.4.2',
53 verbose parsed url   path: '^2.4.2',
53 verbose parsed url   href: '^2.4.2' }
54 verbose addNamed [ 'gulp-concat', '^2.4.2' ]
55 verbose addNamed [ null, '>=2.4.2-0 <3.0.0-0' ]
56 silly lockFile faa9f7df-gulp-concat-2-4-2 gulp-concat@^2.4.2
57 verbose lock gulp-concat@^2.4.2 /Users/simon/.npm/faa9f7df-gulp-concat-2-4-2.lock
58 verbose cache add [ 'gulp-filter@^1.0.2', null ]
59 verbose cache add name=undefined spec="gulp-filter@^1.0.2" args=["gulp-filter@^1.0.2",null]
60 verbose parsed url { protocol: null,
60 verbose parsed url   slashes: null,
60 verbose parsed url   auth: null,
60 verbose parsed url   host: null,
60 verbose parsed url   port: null,
60 verbose parsed url   hostname: null,
60 verbose parsed url   hash: null,
60 verbose parsed url   search: null,
60 verbose parsed url   query: null,
60 verbose parsed url   pathname: 'gulp-filter@^1.0.2',
60 verbose parsed url   path: 'gulp-filter@^1.0.2',
60 verbose parsed url   href: 'gulp-filter@^1.0.2' }
61 verbose cache add [ 'gulp-minify-css@^0.3.11', null ]
62 verbose cache add name=undefined spec="gulp-minify-css@^0.3.11" args=["gulp-minify-css@^0.3.11",null]
63 verbose parsed url { protocol: null,
63 verbose parsed url   slashes: null,
63 verbose parsed url   auth: null,
63 verbose parsed url   host: null,
63 verbose parsed url   port: null,
63 verbose parsed url   hostname: null,
63 verbose parsed url   hash: null,
63 verbose parsed url   search: null,
63 verbose parsed url   query: null,
63 verbose parsed url   pathname: 'gulp-minify-css@^0.3.11',
63 verbose parsed url   path: 'gulp-minify-css@^0.3.11',
63 verbose parsed url   href: 'gulp-minify-css@^0.3.11' }
64 verbose cache add [ 'gulp-plumber@~0.5.6', null ]
65 verbose cache add name=undefined spec="gulp-plumber@~0.5.6" args=["gulp-plumber@~0.5.6",null]
66 verbose parsed url { protocol: null,
66 verbose parsed url   slashes: null,
66 verbose parsed url   auth: null,
66 verbose parsed url   host: null,
66 verbose parsed url   port: null,
66 verbose parsed url   hostname: null,
66 verbose parsed url   hash: null,
66 verbose parsed url   search: null,
66 verbose parsed url   query: null,
66 verbose parsed url   pathname: 'gulp-plumber@~0.5.6',
66 verbose parsed url   path: 'gulp-plumber@~0.5.6',
66 verbose parsed url   href: 'gulp-plumber@~0.5.6' }
67 verbose cache add [ 'gulp-sass@^1.1.0', null ]
68 verbose cache add name=undefined spec="gulp-sass@^1.1.0" args=["gulp-sass@^1.1.0",null]
69 verbose parsed url { protocol: null,
69 verbose parsed url   slashes: null,
69 verbose parsed url   auth: null,
69 verbose parsed url   host: null,
69 verbose parsed url   port: null,
69 verbose parsed url   hostname: null,
69 verbose parsed url   hash: null,
69 verbose parsed url   search: null,
69 verbose parsed url   query: null,
69 verbose parsed url   pathname: 'gulp-sass@^1.1.0',
69 verbose parsed url   path: 'gulp-sass@^1.1.0',
69 verbose parsed url   href: 'gulp-sass@^1.1.0' }
70 verbose cache add name="gulp-filesize" spec="0.0.6" args=["gulp-filesize","0.0.6"]
71 verbose parsed url { protocol: null,
71 verbose parsed url   slashes: null,
71 verbose parsed url   auth: null,
71 verbose parsed url   host: null,
71 verbose parsed url   port: null,
71 verbose parsed url   hostname: null,
71 verbose parsed url   hash: null,
71 verbose parsed url   search: null,
71 verbose parsed url   query: null,
71 verbose parsed url   pathname: '0.0.6',
71 verbose parsed url   path: '0.0.6',
71 verbose parsed url   href: '0.0.6' }
72 verbose addNamed [ 'gulp-filesize', '0.0.6' ]
73 verbose addNamed [ '0.0.6', '0.0.6' ]
74 silly lockFile 6285e1b5-gulp-filesize-0-0-6 gulp-filesize@0.0.6
75 verbose lock gulp-filesize@0.0.6 /Users/simon/.npm/6285e1b5-gulp-filesize-0-0-6.lock
76 silly addNameRange { name: 'gulp-autoprefixer',
76 silly addNameRange   range: '>=2.0.0-0 <3.0.0-0',
76 silly addNameRange   hasData: false }
77 verbose request where is /browser-sync
78 verbose request registry https://registry.npmjs.org/
79 verbose request id ff4758b308d7912b
80 verbose url raw /browser-sync
81 verbose url resolving [ 'https://registry.npmjs.org/', './browser-sync' ]
82 verbose url resolved https://registry.npmjs.org/browser-sync
83 verbose request where is https://registry.npmjs.org/browser-sync
84 info trying registry request attempt 1 at 14:22:40
85 http GET https://registry.npmjs.org/browser-sync
86 verbose cache add name="gulp-filter" spec="^1.0.2" args=["gulp-filter","^1.0.2"]
87 verbose parsed url { protocol: null,
87 verbose parsed url   slashes: null,
87 verbose parsed url   auth: null,
87 verbose parsed url   host: null,
87 verbose parsed url   port: null,
87 verbose parsed url   hostname: null,
87 verbose parsed url   hash: null,
87 verbose parsed url   search: null,
87 verbose parsed url   query: null,
87 verbose parsed url   pathname: '^1.0.2',
87 verbose parsed url   path: '^1.0.2',
87 verbose parsed url   href: '^1.0.2' }
88 verbose addNamed [ 'gulp-filter', '^1.0.2' ]
89 verbose addNamed [ null, '>=1.0.2-0 <2.0.0-0' ]
90 silly lockFile 360e1b96-gulp-filter-1-0-2 gulp-filter@^1.0.2
91 verbose lock gulp-filter@^1.0.2 /Users/simon/.npm/360e1b96-gulp-filter-1-0-2.lock
92 verbose cache add name="gulp-minify-css" spec="^0.3.11" args=["gulp-minify-css","^0.3.11"]
93 verbose parsed url { protocol: null,
93 verbose parsed url   slashes: null,
93 verbose parsed url   auth: null,
93 verbose parsed url   host: null,
93 verbose parsed url   port: null,
93 verbose parsed url   hostname: null,
93 verbose parsed url   hash: null,
93 verbose parsed url   search: null,
93 verbose parsed url   query: null,
93 verbose parsed url   pathname: '^0.3.11',
93 verbose parsed url   path: '^0.3.11',
93 verbose parsed url   href: '^0.3.11' }
94 verbose addNamed [ 'gulp-minify-css', '^0.3.11' ]
95 verbose addNamed [ null, '>=0.3.11-0 <0.4.0-0' ]
96 silly lockFile d01096ed-gulp-minify-css-0-3-11 gulp-minify-css@^0.3.11
97 verbose lock gulp-minify-css@^0.3.11 /Users/simon/.npm/d01096ed-gulp-minify-css-0-3-11.lock
98 verbose cache add name="gulp-plumber" spec="~0.5.6" args=["gulp-plumber","~0.5.6"]
99 verbose parsed url { protocol: null,
99 verbose parsed url   slashes: null,
99 verbose parsed url   auth: null,
99 verbose parsed url   host: null,
99 verbose parsed url   port: null,
99 verbose parsed url   hostname: null,
99 verbose parsed url   hash: null,
99 verbose parsed url   search: null,
99 verbose parsed url   query: null,
99 verbose parsed url   pathname: '~0.5.6',
99 verbose parsed url   path: '~0.5.6',
99 verbose parsed url   href: '~0.5.6' }
100 verbose addNamed [ 'gulp-plumber', '~0.5.6' ]
101 verbose addNamed [ null, '>=0.5.6-0 <0.6.0-0' ]
102 silly lockFile 27c2296d-gulp-plumber-0-5-6 gulp-plumber@~0.5.6
103 verbose lock gulp-plumber@~0.5.6 /Users/simon/.npm/27c2296d-gulp-plumber-0-5-6.lock
104 verbose cache add [ 'gulp-sourcemaps@^1.2.8', null ]
105 verbose cache add name=undefined spec="gulp-sourcemaps@^1.2.8" args=["gulp-sourcemaps@^1.2.8",null]
106 verbose parsed url { protocol: null,
106 verbose parsed url   slashes: null,
106 verbose parsed url   auth: null,
106 verbose parsed url   host: null,
106 verbose parsed url   port: null,
106 verbose parsed url   hostname: null,
106 verbose parsed url   hash: null,
106 verbose parsed url   search: null,
106 verbose parsed url   query: null,
106 verbose parsed url   pathname: 'gulp-sourcemaps@^1.2.8',
106 verbose parsed url   path: 'gulp-sourcemaps@^1.2.8',
106 verbose parsed url   href: 'gulp-sourcemaps@^1.2.8' }
107 verbose cache add [ 'gulp-util@~2.2.20', null ]
108 verbose cache add name=undefined spec="gulp-util@~2.2.20" args=["gulp-util@~2.2.20",null]
109 verbose parsed url { protocol: null,
109 verbose parsed url   slashes: null,
109 verbose parsed url   auth: null,
109 verbose parsed url   host: null,
109 verbose parsed url   port: null,
109 verbose parsed url   hostname: null,
109 verbose parsed url   hash: null,
109 verbose parsed url   search: null,
109 verbose parsed url   query: null,
109 verbose parsed url   pathname: 'gulp-util@~2.2.20',
109 verbose parsed url   path: 'gulp-util@~2.2.20',
109 verbose parsed url   href: 'gulp-util@~2.2.20' }
110 verbose cache add [ 'gulp-watch@~0.5.4', null ]
111 verbose cache add name=undefined spec="gulp-watch@~0.5.4" args=["gulp-watch@~0.5.4",null]
112 verbose parsed url { protocol: null,
112 verbose parsed url   slashes: null,
112 verbose parsed url   auth: null,
112 verbose parsed url   host: null,
112 verbose parsed url   port: null,
112 verbose parsed url   hostname: null,
112 verbose parsed url   hash: null,
112 verbose parsed url   search: null,
112 verbose parsed url   query: null,
112 verbose parsed url   pathname: 'gulp-watch@~0.5.4',
112 verbose parsed url   path: 'gulp-watch@~0.5.4',
112 verbose parsed url   href: 'gulp-watch@~0.5.4' }
113 verbose cache add name="gulp-sass" spec="^1.1.0" args=["gulp-sass","^1.1.0"]
114 verbose parsed url { protocol: null,
114 verbose parsed url   slashes: null,
114 verbose parsed url   auth: null,
114 verbose parsed url   host: null,
114 verbose parsed url   port: null,
114 verbose parsed url   hostname: null,
114 verbose parsed url   hash: null,
114 verbose parsed url   search: null,
114 verbose parsed url   query: null,
114 verbose parsed url   pathname: '^1.1.0',
114 verbose parsed url   path: '^1.1.0',
114 verbose parsed url   href: '^1.1.0' }
115 verbose addNamed [ 'gulp-sass', '^1.1.0' ]
116 verbose addNamed [ null, '>=1.1.0-0 <2.0.0-0' ]
117 silly lockFile a9b81bc5-gulp-sass-1-1-0 gulp-sass@^1.1.0
118 verbose lock gulp-sass@^1.1.0 /Users/simon/.npm/a9b81bc5-gulp-sass-1-1-0.lock
119 silly addNameRange { name: 'gulp-combine-media-queries',
119 silly addNameRange   range: '>=0.2.0-0 <0.3.0-0',
119 silly addNameRange   hasData: false }
120 verbose request where is /gulp-autoprefixer
121 verbose request registry https://registry.npmjs.org/
122 verbose url raw /gulp-autoprefixer
123 verbose url resolving [ 'https://registry.npmjs.org/', './gulp-autoprefixer' ]
124 verbose url resolved https://registry.npmjs.org/gulp-autoprefixer
125 verbose request where is https://registry.npmjs.org/gulp-autoprefixer
126 info trying registry request attempt 1 at 14:22:40
127 http GET https://registry.npmjs.org/gulp-autoprefixer
128 silly addNameRange { name: 'gulp-concat',
128 silly addNameRange   range: '>=2.4.2-0 <3.0.0-0',
128 silly addNameRange   hasData: false }
129 verbose cache add name="gulp-sourcemaps" spec="^1.2.8" args=["gulp-sourcemaps","^1.2.8"]
130 verbose parsed url { protocol: null,
130 verbose parsed url   slashes: null,
130 verbose parsed url   auth: null,
130 verbose parsed url   host: null,
130 verbose parsed url   port: null,
130 verbose parsed url   hostname: null,
130 verbose parsed url   hash: null,
130 verbose parsed url   search: null,
130 verbose parsed url   query: null,
130 verbose parsed url   pathname: '^1.2.8',
130 verbose parsed url   path: '^1.2.8',
130 verbose parsed url   href: '^1.2.8' }
131 verbose addNamed [ 'gulp-sourcemaps', '^1.2.8' ]
132 verbose addNamed [ null, '>=1.2.8-0 <2.0.0-0' ]
133 silly lockFile deb77b9b-gulp-sourcemaps-1-2-8 gulp-sourcemaps@^1.2.8
134 verbose lock gulp-sourcemaps@^1.2.8 /Users/simon/.npm/deb77b9b-gulp-sourcemaps-1-2-8.lock
135 verbose cache add name="gulp-util" spec="~2.2.20" args=["gulp-util","~2.2.20"]
136 verbose parsed url { protocol: null,
136 verbose parsed url   slashes: null,
136 verbose parsed url   auth: null,
136 verbose parsed url   host: null,
136 verbose parsed url   port: null,
136 verbose parsed url   hostname: null,
136 verbose parsed url   hash: null,
136 verbose parsed url   search: null,
136 verbose parsed url   query: null,
136 verbose parsed url   pathname: '~2.2.20',
136 verbose parsed url   path: '~2.2.20',
136 verbose parsed url   href: '~2.2.20' }
137 verbose addNamed [ 'gulp-util', '~2.2.20' ]
138 verbose addNamed [ null, '>=2.2.20-0 <2.3.0-0' ]
139 silly lockFile f4d523d7-gulp-util-2-2-20 gulp-util@~2.2.20
140 verbose lock gulp-util@~2.2.20 /Users/simon/.npm/f4d523d7-gulp-util-2-2-20.lock
141 verbose cache add name="gulp-watch" spec="~0.5.4" args=["gulp-watch","~0.5.4"]
142 verbose parsed url { protocol: null,
142 verbose parsed url   slashes: null,
142 verbose parsed url   auth: null,
142 verbose parsed url   host: null,
142 verbose parsed url   port: null,
142 verbose parsed url   hostname: null,
142 verbose parsed url   hash: null,
142 verbose parsed url   search: null,
142 verbose parsed url   query: null,
142 verbose parsed url   pathname: '~0.5.4',
142 verbose parsed url   path: '~0.5.4',
142 verbose parsed url   href: '~0.5.4' }
143 verbose addNamed [ 'gulp-watch', '~0.5.4' ]
144 verbose addNamed [ null, '>=0.5.4-0 <0.6.0-0' ]
145 silly lockFile d2de79f9-gulp-watch-0-5-4 gulp-watch@~0.5.4
146 verbose lock gulp-watch@~0.5.4 /Users/simon/.npm/d2de79f9-gulp-watch-0-5-4.lock
147 verbose request where is /gulp-combine-media-queries
148 verbose request registry https://registry.npmjs.org/
149 verbose url raw /gulp-combine-media-queries
150 verbose url resolving [ 'https://registry.npmjs.org/',
150 verbose url resolving   './gulp-combine-media-queries' ]
151 verbose url resolved https://registry.npmjs.org/gulp-combine-media-queries
152 verbose request where is https://registry.npmjs.org/gulp-combine-media-queries
153 info trying registry request attempt 1 at 14:22:40
154 http GET https://registry.npmjs.org/gulp-combine-media-queries
155 silly addNameRange { name: 'gulp-filter',
155 silly addNameRange   range: '>=1.0.2-0 <2.0.0-0',
155 silly addNameRange   hasData: false }
156 silly addNameRange { name: 'gulp-minify-css',
156 silly addNameRange   range: '>=0.3.11-0 <0.4.0-0',
156 silly addNameRange   hasData: false }
157 verbose request where is /gulp-concat
158 verbose request registry https://registry.npmjs.org/
159 verbose url raw /gulp-concat
160 verbose url resolving [ 'https://registry.npmjs.org/', './gulp-concat' ]
161 verbose url resolved https://registry.npmjs.org/gulp-concat
162 verbose request where is https://registry.npmjs.org/gulp-concat
163 info trying registry request attempt 1 at 14:22:40
164 http GET https://registry.npmjs.org/gulp-concat
165 silly addNameRange { name: 'gulp-plumber',
165 silly addNameRange   range: '>=0.5.6-0 <0.6.0-0',
165 silly addNameRange   hasData: false }
166 verbose request where is /gulp-filesize
167 verbose request registry https://registry.npmjs.org/
168 verbose url raw /gulp-filesize
169 verbose url resolving [ 'https://registry.npmjs.org/', './gulp-filesize' ]
170 verbose url resolved https://registry.npmjs.org/gulp-filesize
171 verbose request where is https://registry.npmjs.org/gulp-filesize
172 info trying registry request attempt 1 at 14:22:40
173 http GET https://registry.npmjs.org/gulp-filesize
174 silly addNameRange { name: 'gulp-sass',
174 silly addNameRange   range: '>=1.1.0-0 <2.0.0-0',
174 silly addNameRange   hasData: false }
175 verbose request where is /gulp-filter
176 verbose request registry https://registry.npmjs.org/
177 verbose url raw /gulp-filter
178 verbose url resolving [ 'https://registry.npmjs.org/', './gulp-filter' ]
179 verbose url resolved https://registry.npmjs.org/gulp-filter
180 verbose request where is https://registry.npmjs.org/gulp-filter
181 info trying registry request attempt 1 at 14:22:40
182 http GET https://registry.npmjs.org/gulp-filter
183 verbose request where is /gulp-minify-css
184 verbose request registry https://registry.npmjs.org/
185 verbose url raw /gulp-minify-css
186 verbose url resolving [ 'https://registry.npmjs.org/', './gulp-minify-css' ]
187 verbose url resolved https://registry.npmjs.org/gulp-minify-css
188 verbose request where is https://registry.npmjs.org/gulp-minify-css
189 info trying registry request attempt 1 at 14:22:40
190 http GET https://registry.npmjs.org/gulp-minify-css
191 verbose request where is /gulp-plumber
192 verbose request registry https://registry.npmjs.org/
193 verbose url raw /gulp-plumber
194 verbose url resolving [ 'https://registry.npmjs.org/', './gulp-plumber' ]
195 verbose url resolved https://registry.npmjs.org/gulp-plumber
196 verbose request where is https://registry.npmjs.org/gulp-plumber
197 info trying registry request attempt 1 at 14:22:40
198 http GET https://registry.npmjs.org/gulp-plumber
199 silly addNameRange { name: 'gulp-sourcemaps',
199 silly addNameRange   range: '>=1.2.8-0 <2.0.0-0',
199 silly addNameRange   hasData: false }
200 silly addNameRange { name: 'gulp-util',
200 silly addNameRange   range: '>=2.2.20-0 <2.3.0-0',
200 silly addNameRange   hasData: false }
201 silly addNameRange { name: 'gulp-watch',
201 silly addNameRange   range: '>=0.5.4-0 <0.6.0-0',
201 silly addNameRange   hasData: false }
202 verbose request where is /gulp-sass
203 verbose request registry https://registry.npmjs.org/
204 verbose url raw /gulp-sass
205 verbose url resolving [ 'https://registry.npmjs.org/', './gulp-sass' ]
206 verbose url resolved https://registry.npmjs.org/gulp-sass
207 verbose request where is https://registry.npmjs.org/gulp-sass
208 info trying registry request attempt 1 at 14:22:40
209 http GET https://registry.npmjs.org/gulp-sass
210 verbose request where is /gulp
211 verbose request registry https://registry.npmjs.org/
212 verbose url raw /gulp
213 verbose url resolving [ 'https://registry.npmjs.org/', './gulp' ]
214 verbose url resolved https://registry.npmjs.org/gulp
215 verbose request where is https://registry.npmjs.org/gulp
216 info trying registry request attempt 1 at 14:22:40
217 verbose etag "ATWEBW95E97MAGE26BGAMRFMD"
218 http GET https://registry.npmjs.org/gulp
219 verbose request where is /gulp-sourcemaps
220 verbose request registry https://registry.npmjs.org/
221 verbose url raw /gulp-sourcemaps
222 verbose url resolving [ 'https://registry.npmjs.org/', './gulp-sourcemaps' ]
223 verbose url resolved https://registry.npmjs.org/gulp-sourcemaps
224 verbose request where is https://registry.npmjs.org/gulp-sourcemaps
225 info trying registry request attempt 1 at 14:22:40
226 http GET https://registry.npmjs.org/gulp-sourcemaps
227 verbose request where is /gulp-watch
228 verbose request registry https://registry.npmjs.org/
229 verbose url raw /gulp-watch
230 verbose url resolving [ 'https://registry.npmjs.org/', './gulp-watch' ]
231 verbose url resolved https://registry.npmjs.org/gulp-watch
232 verbose request where is https://registry.npmjs.org/gulp-watch
233 info trying registry request attempt 1 at 14:22:40
234 http GET https://registry.npmjs.org/gulp-watch
235 verbose request where is /gulp-util
236 verbose request registry https://registry.npmjs.org/
237 verbose url raw /gulp-util
238 verbose url resolving [ 'https://registry.npmjs.org/', './gulp-util' ]
239 verbose url resolved https://registry.npmjs.org/gulp-util
240 verbose request where is https://registry.npmjs.org/gulp-util
241 info trying registry request attempt 1 at 14:22:40
242 verbose etag "DANZF0D18ACKV9IBK4HYUJJ6Y"
243 http GET https://registry.npmjs.org/gulp-util
244 http 200 https://registry.npmjs.org/gulp-combine-media-queries
245 silly registry.get cb [ 200,
245 silly registry.get   { date: 'Wed, 28 Jan 2015 13:22:41 GMT',
245 silly registry.get     server: 'CouchDB/1.5.0 (Erlang OTP/R16B03)',
245 silly registry.get     etag: '"4GJ80FT1XFAZIIAGYYQBT1TBI"',
245 silly registry.get     'content-type': 'application/json',
245 silly registry.get     'cache-control': 'max-age=60',
245 silly registry.get     'content-length': '7615',
245 silly registry.get     'accept-ranges': 'bytes',
245 silly registry.get     via: '1.1 varnish',
245 silly registry.get     age: '12',
245 silly registry.get     'x-served-by': 'cache-ams4135-AMS',
245 silly registry.get     'x-cache': 'HIT',
245 silly registry.get     'x-cache-hits': '1',
245 silly registry.get     'x-timer': 'S1422451361.396722,VS0,VE0',
245 silly registry.get     vary: 'Accept',
245 silly registry.get     'keep-alive': 'timeout=10, max=50',
245 silly registry.get     connection: 'Keep-Alive' } ]
246 silly addNameRange number 2 { name: 'gulp-combine-media-queries',
246 silly addNameRange   range: '>=0.2.0-0 <0.3.0-0',
246 silly addNameRange   hasData: true }
247 silly addNameRange versions [ 'gulp-combine-media-queries', [ '0.0.1', '0.1.0', '0.2.0' ] ]
248 verbose addNamed [ 'gulp-combine-media-queries', '0.2.0' ]
249 verbose addNamed [ '0.2.0', '0.2.0' ]
250 silly lockFile 1153c219-gulp-combine-media-queries-0-2-0 gulp-combine-media-queries@0.2.0
251 verbose lock gulp-combine-media-queries@0.2.0 /Users/simon/.npm/1153c219-gulp-combine-media-queries-0-2-0.lock
252 http 200 https://registry.npmjs.org/gulp-autoprefixer
253 silly registry.get cb [ 200,
253 silly registry.get   { date: 'Wed, 28 Jan 2015 13:22:41 GMT',
253 silly registry.get     server: 'CouchDB/1.5.0 (Erlang OTP/R16B03)',
253 silly registry.get     etag: '"92J524K4XH2CFPARU0HKC43MW"',
253 silly registry.get     'content-type': 'application/json',
253 silly registry.get     'cache-control': 'max-age=60',
253 silly registry.get     'content-length': '19764',
253 silly registry.get     'accept-ranges': 'bytes',
253 silly registry.get     via: '1.1 varnish',
253 silly registry.get     age: '21',
253 silly registry.get     'x-served-by': 'cache-ams4122-AMS',
253 silly registry.get     'x-cache': 'HIT',
253 silly registry.get     'x-cache-hits': '1',
253 silly registry.get     'x-timer': 'S1422451361.396158,VS0,VE0',
253 silly registry.get     vary: 'Accept',
253 silly registry.get     'keep-alive': 'timeout=10, max=50',
253 silly registry.get     connection: 'Keep-Alive' } ]
254 silly lockFile 703f66fd--combine-media-queries-0-2-0-tgz https://registry.npmjs.org/gulp-combine-media-queries/-/gulp-combine-media-queries-0.2.0.tgz
255 verbose lock https://registry.npmjs.org/gulp-combine-media-queries/-/gulp-combine-media-queries-0.2.0.tgz /Users/simon/.npm/703f66fd--combine-media-queries-0-2-0-tgz.lock
256 verbose addRemoteTarball [ 'https://registry.npmjs.org/gulp-combine-media-queries/-/gulp-combine-media-queries-0.2.0.tgz',
256 verbose addRemoteTarball   'bae03fb3ca8129d9096c0c93fe4deb55f3cb411f' ]
257 http 200 https://registry.npmjs.org/gulp-concat
258 silly registry.get cb [ 200,
258 silly registry.get   { date: 'Wed, 28 Jan 2015 13:22:41 GMT',
258 silly registry.get     server: 'CouchDB/1.5.0 (Erlang OTP/R16B03)',
258 silly registry.get     etag: '"ECV4QCK20QJ4GJP4VVSQQFMS6"',
258 silly registry.get     'content-type': 'application/json',
258 silly registry.get     'cache-control': 'max-age=60',
258 silly registry.get     'content-length': '30396',
258 silly registry.get     'accept-ranges': 'bytes',
258 silly registry.get     via: '1.1 varnish',
258 silly registry.get     age: '37',
258 silly registry.get     'x-served-by': 'cache-ams4133-AMS',
258 silly registry.get     'x-cache': 'HIT',
258 silly registry.get     'x-cache-hits': '1',
258 silly registry.get     'x-timer': 'S1422451361.398070,VS0,VE0',
258 silly registry.get     vary: 'Accept',
258 silly registry.get     'keep-alive': 'timeout=10, max=50',
258 silly registry.get     connection: 'Keep-Alive' } ]
259 silly addNameRange number 2 { name: 'gulp-autoprefixer',
259 silly addNameRange   range: '>=2.0.0-0 <3.0.0-0',
259 silly addNameRange   hasData: true }
260 silly addNameRange versions [ 'gulp-autoprefixer',
260 silly addNameRange   [ '0.0.1',
260 silly addNameRange     '0.0.2',
260 silly addNameRange     '0.0.3',
260 silly addNameRange     '0.0.4',
260 silly addNameRange     '0.0.5',
260 silly addNameRange     '0.0.6',
260 silly addNameRange     '0.0.7',
260 silly addNameRange     '0.0.8',
260 silly addNameRange     '0.0.9',
260 silly addNameRange     '0.0.10',
260 silly addNameRange     '1.0.0',
260 silly addNameRange     '1.0.1',
260 silly addNameRange     '2.0.0',
260 silly addNameRange     '2.1.0' ] ]
261 verbose addNamed [ 'gulp-autoprefixer', '2.1.0' ]
262 verbose addNamed [ '2.1.0', '2.1.0' ]
263 silly lockFile ccdf8bd0-gulp-autoprefixer-2-1-0 gulp-autoprefixer@2.1.0
264 verbose lock gulp-autoprefixer@2.1.0 /Users/simon/.npm/ccdf8bd0-gulp-autoprefixer-2-1-0.lock
265 silly lockFile f22bcf95-ixer-gulp-autoprefixer-2-1-0-tgz https://registry.npmjs.org/gulp-autoprefixer/-/gulp-autoprefixer-2.1.0.tgz
266 verbose lock https://registry.npmjs.org/gulp-autoprefixer/-/gulp-autoprefixer-2.1.0.tgz /Users/simon/.npm/f22bcf95-ixer-gulp-autoprefixer-2-1-0-tgz.lock
267 silly addNameRange number 2 { name: 'gulp-concat',
267 silly addNameRange   range: '>=2.4.2-0 <3.0.0-0',
267 silly addNameRange   hasData: true }
268 silly addNameRange versions [ 'gulp-concat',
268 silly addNameRange   [ '0.0.1',
268 silly addNameRange     '1.0.0',
268 silly addNameRange     '1.1.0',
268 silly addNameRange     '2.0.0',
268 silly addNameRange     '2.1.0',
268 silly addNameRange     '2.1.1',
268 silly addNameRange     '2.1.2',
268 silly addNameRange     '2.1.3',
268 silly addNameRange     '2.1.4',
268 silly addNameRange     '2.1.5',
268 silly addNameRange     '2.1.6',
268 silly addNameRange     '2.1.7',
268 silly addNameRange     '2.2.0',
268 silly addNameRange     '2.3.0',
268 silly addNameRange     '2.3.3',
268 silly addNameRange     '2.3.4',
268 silly addNameRange     '2.3.5',
268 silly addNameRange     '2.4.0',
268 silly addNameRange     '2.4.1',
268 silly addNameRange     '2.4.2',
268 silly addNameRange     '2.4.3' ] ]
269 verbose addNamed [ 'gulp-concat', '2.4.3' ]
270 verbose addNamed [ '2.4.3', '2.4.3' ]
271 silly lockFile 07935a45-gulp-concat-2-4-3 gulp-concat@2.4.3
272 verbose lock gulp-concat@2.4.3 /Users/simon/.npm/07935a45-gulp-concat-2-4-3.lock
273 info retry fetch attempt 1 at 14:22:40
274 verbose fetch to= /var/folders/_w/zd6g7lhj08n5495dx7l3zpyr0000gn/T/npm-53752-jy3mlOA_/registry.npmjs.org/gulp-combine-media-queries/-/gulp-combine-media-queries-0.2.0.tgz
275 verbose addRemoteTarball [ 'https://registry.npmjs.org/gulp-autoprefixer/-/gulp-autoprefixer-2.1.0.tgz',
275 verbose addRemoteTarball   'd25d8276c7d332b422f86da8b0ec97d9773adbd5' ]
276 http GET https://registry.npmjs.org/gulp-combine-media-queries/-/gulp-combine-media-queries-0.2.0.tgz
277 silly lockFile ed610d0c-ulp-concat-gulp-concat-2-4-3-tgz https://registry.npmjs.org/gulp-concat/-/gulp-concat-2.4.3.tgz
278 verbose lock https://registry.npmjs.org/gulp-concat/-/gulp-concat-2.4.3.tgz /Users/simon/.npm/ed610d0c-ulp-concat-gulp-concat-2-4-3-tgz.lock
279 info retry fetch attempt 1 at 14:22:40
280 verbose fetch to= /var/folders/_w/zd6g7lhj08n5495dx7l3zpyr0000gn/T/npm-53752-jy3mlOA_/registry.npmjs.org/gulp-autoprefixer/-/gulp-autoprefixer-2.1.0.tgz
281 verbose addRemoteTarball [ 'https://registry.npmjs.org/gulp-concat/-/gulp-concat-2.4.3.tgz',
281 verbose addRemoteTarball   'dd913c3773b02f9dfb3f70e30215dc07a5cf32f7' ]
282 http GET https://registry.npmjs.org/gulp-autoprefixer/-/gulp-autoprefixer-2.1.0.tgz
283 info retry fetch attempt 1 at 14:22:40
284 verbose fetch to= /var/folders/_w/zd6g7lhj08n5495dx7l3zpyr0000gn/T/npm-53752-jy3mlOA_/registry.npmjs.org/gulp-concat/-/gulp-concat-2.4.3.tgz
285 http GET https://registry.npmjs.org/gulp-concat/-/gulp-concat-2.4.3.tgz
286 http 200 https://registry.npmjs.org/gulp-filter
287 silly registry.get cb [ 200,
287 silly registry.get   { date: 'Wed, 28 Jan 2015 13:22:41 GMT',
287 silly registry.get     server: 'CouchDB/1.5.0 (Erlang OTP/R16B03)',
287 silly registry.get     etag: '"CLU16516JEUUJB4Z92JFIQOYF"',
287 silly registry.get     'content-type': 'application/json',
287 silly registry.get     'cache-control': 'max-age=60',
287 silly registry.get     'content-length': '21208',
287 silly registry.get     'accept-ranges': 'bytes',
287 silly registry.get     via: '1.1 varnish',
287 silly registry.get     age: '6',
287 silly registry.get     'x-served-by': 'cache-ams4135-AMS',
287 silly registry.get     'x-cache': 'HIT',
287 silly registry.get     'x-cache-hits': '1',
287 silly registry.get     'x-timer': 'S1422451361.408653,VS0,VE0',
287 silly registry.get     vary: 'Accept',
287 silly registry.get     'keep-alive': 'timeout=10, max=49',
287 silly registry.get     connection: 'Keep-Alive' } ]
288 silly addNameRange number 2 { name: 'gulp-filter',
288 silly addNameRange   range: '>=1.0.2-0 <2.0.0-0',
288 silly addNameRange   hasData: true }
289 silly addNameRange versions [ 'gulp-filter',
289 silly addNameRange   [ '0.1.0',
289 silly addNameRange     '0.1.1',
289 silly addNameRange     '0.2.0',
289 silly addNameRange     '0.2.1',
289 silly addNameRange     '0.3.0',
289 silly addNameRange     '0.3.1',
289 silly addNameRange     '0.4.0',
289 silly addNameRange     '0.4.1',
289 silly addNameRange     '0.5.0',
289 silly addNameRange     '0.5.1',
289 silly addNameRange     '1.0.0',
289 silly addNameRange     '1.0.1',
289 silly addNameRange     '1.0.2',
289 silly addNameRange     '2.0.0' ] ]
290 verbose addNamed [ 'gulp-filter', '1.0.2' ]
291 verbose addNamed [ '1.0.2', '1.0.2' ]
292 silly lockFile c3454c8d-gulp-filter-1-0-2 gulp-filter@1.0.2
293 verbose lock gulp-filter@1.0.2 /Users/simon/.npm/c3454c8d-gulp-filter-1-0-2.lock
294 silly lockFile a918fb96-ulp-filter-gulp-filter-1-0-2-tgz https://registry.npmjs.org/gulp-filter/-/gulp-filter-1.0.2.tgz
295 verbose lock https://registry.npmjs.org/gulp-filter/-/gulp-filter-1.0.2.tgz /Users/simon/.npm/a918fb96-ulp-filter-gulp-filter-1-0-2-tgz.lock
296 verbose addRemoteTarball [ 'https://registry.npmjs.org/gulp-filter/-/gulp-filter-1.0.2.tgz',
296 verbose addRemoteTarball   'f7d8c6f58fb5e200f11540fe0758d92c48b06bd7' ]
297 info retry fetch attempt 1 at 14:22:40
298 verbose fetch to= /var/folders/_w/zd6g7lhj08n5495dx7l3zpyr0000gn/T/npm-53752-jy3mlOA_/registry.npmjs.org/gulp-filter/-/gulp-filter-1.0.2.tgz
299 http GET https://registry.npmjs.org/gulp-filter/-/gulp-filter-1.0.2.tgz
300 http 200 https://registry.npmjs.org/gulp-minify-css
301 silly registry.get cb [ 200,
301 silly registry.get   { date: 'Wed, 28 Jan 2015 13:22:41 GMT',
301 silly registry.get     server: 'CouchDB/1.5.0 (Erlang OTP/R16B03)',
301 silly registry.get     etag: '"3MXMWONH4HH6L9NQCY3S9UTIL"',
301 silly registry.get     'content-type': 'application/json',
301 silly registry.get     'cache-control': 'max-age=60',
301 silly registry.get     'content-length': '32147',
301 silly registry.get     'accept-ranges': 'bytes',
301 silly registry.get     via: '1.1 varnish',
301 silly registry.get     age: '22',
301 silly registry.get     'x-served-by': 'cache-ams4122-AMS',
301 silly registry.get     'x-cache': 'HIT',
301 silly registry.get     'x-cache-hits': '1',
301 silly registry.get     'x-timer': 'S1422451361.414469,VS0,VE0',
301 silly registry.get     vary: 'Accept',
301 silly registry.get     'keep-alive': 'timeout=10, max=49',
301 silly registry.get     connection: 'Keep-Alive' } ]
302 silly addNameRange number 2 { name: 'gulp-minify-css',
302 silly addNameRange   range: '>=0.3.11-0 <0.4.0-0',
302 silly addNameRange   hasData: true }
303 silly addNameRange versions [ 'gulp-minify-css',
303 silly addNameRange   [ '0.0.1',
303 silly addNameRange     '0.1.0',
303 silly addNameRange     '0.2.0',
303 silly addNameRange     '0.3.0',
303 silly addNameRange     '0.3.1',
303 silly addNameRange     '0.3.2',
303 silly addNameRange     '0.3.3',
303 silly addNameRange     '0.3.4',
303 silly addNameRange     '0.3.5',
303 silly addNameRange     '0.3.6',
303 silly addNameRange     '0.3.7',
303 silly addNameRange     '0.3.8',
303 silly addNameRange     '0.3.9',
303 silly addNameRange     '0.3.10',
303 silly addNameRange     '0.3.11',
303 silly addNameRange     '0.3.12',
303 silly addNameRange     '0.3.13',
303 silly addNameRange     '0.4.0',
303 silly addNameRange     '0.4.1',
303 silly addNameRange     '0.4.2',
303 silly addNameRange     '0.4.3' ] ]
304 verbose addNamed [ 'gulp-minify-css', '0.3.13' ]
305 verbose addNamed [ '0.3.13', '0.3.13' ]
306 silly lockFile 9038a954-gulp-minify-css-0-3-13 gulp-minify-css@0.3.13
307 verbose lock gulp-minify-css@0.3.13 /Users/simon/.npm/9038a954-gulp-minify-css-0-3-13.lock
308 silly lockFile 8781e9f5-y-css-gulp-minify-css-0-3-13-tgz https://registry.npmjs.org/gulp-minify-css/-/gulp-minify-css-0.3.13.tgz
309 verbose lock https://registry.npmjs.org/gulp-minify-css/-/gulp-minify-css-0.3.13.tgz /Users/simon/.npm/8781e9f5-y-css-gulp-minify-css-0-3-13-tgz.lock
310 verbose addRemoteTarball [ 'https://registry.npmjs.org/gulp-minify-css/-/gulp-minify-css-0.3.13.tgz',
310 verbose addRemoteTarball   'ba813c665422868305383ccd185f239c1e35209b' ]
311 info retry fetch attempt 1 at 14:22:40
312 verbose fetch to= /var/folders/_w/zd6g7lhj08n5495dx7l3zpyr0000gn/T/npm-53752-jy3mlOA_/registry.npmjs.org/gulp-minify-css/-/gulp-minify-css-0.3.13.tgz
313 http GET https://registry.npmjs.org/gulp-minify-css/-/gulp-minify-css-0.3.13.tgz
314 http 200 https://registry.npmjs.org/gulp-plumber
315 silly registry.get cb [ 200,
315 silly registry.get   { date: 'Wed, 28 Jan 2015 13:22:41 GMT',
315 silly registry.get     server: 'CouchDB/1.5.0 (Erlang OTP/R16B03)',
315 silly registry.get     etag: '"B5GLIJHHERS9MHV987P9I97XY"',
315 silly registry.get     'content-type': 'application/json',
315 silly registry.get     'cache-control': 'max-age=60',
315 silly registry.get     'content-length': '36354',
315 silly registry.get     'accept-ranges': 'bytes',
315 silly registry.get     via: '1.1 varnish',
315 silly registry.get     age: '12',
315 silly registry.get     'x-served-by': 'cache-ams4133-AMS',
315 silly registry.get     'x-cache': 'HIT',
315 silly registry.get     'x-cache-hits': '1',
315 silly registry.get     'x-timer': 'S1422451361.420585,VS0,VE0',
315 silly registry.get     vary: 'Accept',
315 silly registry.get     'keep-alive': 'timeout=10, max=49',
315 silly registry.get     connection: 'Keep-Alive' } ]
316 http 304 https://registry.npmjs.org/gulp
317 silly registry.get cb [ 304,
317 silly registry.get   { date: 'Wed, 28 Jan 2015 13:22:41 GMT',
317 silly registry.get     server: 'Apache',
317 silly registry.get     via: '1.1 varnish',
317 silly registry.get     'last-modified': 'Wed, 28 Jan 2015 13:22:41 GMT',
317 silly registry.get     'cache-control': 'max-age=60',
317 silly registry.get     etag: '"ATWEBW95E97MAGE26BGAMRFMD"',
317 silly registry.get     age: '9',
317 silly registry.get     'x-served-by': 'cache-ams4122-AMS',
317 silly registry.get     'x-cache': 'HIT',
317 silly registry.get     'x-cache-hits': '1',
317 silly registry.get     'x-timer': 'S1422451361.476536,VS0,VE0',
317 silly registry.get     vary: 'Accept',
317 silly registry.get     'content-length': '0',
317 silly registry.get     'keep-alive': 'timeout=10, max=48',
317 silly registry.get     connection: 'Keep-Alive' } ]
318 verbose etag https://registry.npmjs.org/gulp from cache
319 silly addNameRange number 2 { name: 'gulp', range: '>=3.8.5-0 <3.9.0-0', hasData: true }
320 silly addNameRange versions [ 'gulp',
320 silly addNameRange   [ '0.0.1',
320 silly addNameRange     '0.0.2',
320 silly addNameRange     '0.0.3',
320 silly addNameRange     '0.0.4',
320 silly addNameRange     '0.0.5',
320 silly addNameRange     '0.0.7',
320 silly addNameRange     '0.0.8',
320 silly addNameRange     '0.0.9',
320 silly addNameRange     '0.1.0',
320 silly addNameRange     '0.2.0',
320 silly addNameRange     '1.0.0',
320 silly addNameRange     '1.1.0',
320 silly addNameRange     '1.2.0',
320 silly addNameRange     '1.2.1',
320 silly addNameRange     '2.0.0',
320 silly addNameRange     '2.0.1',
320 silly addNameRange     '2.1.0',
320 silly addNameRange     '2.2.0',
320 silly addNameRange     '2.3.0',
320 silly addNameRange     '2.4.0',
320 silly addNameRange     '2.4.1',
320 silly addNameRange     '2.6.0',
320 silly addNameRange     '2.6.1',
320 silly addNameRange     '2.7.0',
320 silly addNameRange     '3.0.0',
320 silly addNameRange     '3.1.1',
320 silly addNameRange     '3.1.2',
320 silly addNameRange     '3.1.3',
320 silly addNameRange     '3.1.4',
320 silly addNameRange     '3.2.0',
320 silly addNameRange     '3.2.1',
320 silly addNameRange     '3.2.2',
320 silly addNameRange     '3.2.3',
320 silly addNameRange     '3.2.4',
320 silly addNameRange     '3.2.5',
320 silly addNameRange     '3.3.0',
320 silly addNameRange     '3.3.1',
320 silly addNameRange     '3.3.2',
320 silly addNameRange     '3.3.4',
320 silly addNameRange     '3.4.0',
320 silly addNameRange     '3.5.0',
320 silly addNameRange     '3.5.1',
320 silly addNameRange     '3.5.2',
320 silly addNameRange     '3.5.5',
320 silly addNameRange     '3.5.6',
320 silly addNameRange     '3.6.0',
320 silly addNameRange     '3.6.1',
320 silly addNameRange     '3.6.2',
320 silly addNameRange     '3.7.0',
320 silly addNameRange     '3.8.0',
320 silly addNameRange     '3.8.1',
320 silly addNameRange     '3.8.2',
320 silly addNameRange     '3.8.3',
320 silly addNameRange     '3.8.4',
320 silly addNameRange     '3.8.5',
320 silly addNameRange     '3.8.6',
320 silly addNameRange     '3.8.7',
320 silly addNameRange     '3.8.8',
320 silly addNameRange     '3.8.9',
320 silly addNameRange     '3.8.10' ] ]
321 verbose addNamed [ 'gulp', '3.8.10' ]
322 verbose addNamed [ '3.8.10', '3.8.10' ]
323 silly lockFile f843d0d7-gulp-3-8-10 gulp@3.8.10
324 verbose lock gulp@3.8.10 /Users/simon/.npm/f843d0d7-gulp-3-8-10.lock
325 silly addNameRange number 2 { name: 'gulp-plumber',
325 silly addNameRange   range: '>=0.5.6-0 <0.6.0-0',
325 silly addNameRange   hasData: true }
326 silly addNameRange versions [ 'gulp-plumber',
326 silly addNameRange   [ '0.0.1',
326 silly addNameRange     '0.1.0',
326 silly addNameRange     '0.2.0',
326 silly addNameRange     '0.2.1',
326 silly addNameRange     '0.2.3',
326 silly addNameRange     '0.3.0',
326 silly addNameRange     '0.4.0',
326 silly addNameRange     '0.4.1',
326 silly addNameRange     '0.5.0-rc1',
326 silly addNameRange     '0.5.0',
326 silly addNameRange     '0.5.1',
326 silly addNameRange     '0.5.2',
326 silly addNameRange     '0.5.3',
326 silly addNameRange     '0.5.4',
326 silly addNameRange     '0.5.5',
326 silly addNameRange     '0.5.6',
326 silly addNameRange     '0.6.0',
326 silly addNameRange     '0.6.1',
326 silly addNameRange     '0.6.2',
326 silly addNameRange     '0.6.3',
326 silly addNameRange     '0.6.4',
326 silly addNameRange     '0.6.5',
326 silly addNameRange     '0.6.6' ] ]
327 verbose addNamed [ 'gulp-plumber', '0.5.6' ]
328 verbose addNamed [ '0.5.6', '0.5.6' ]
329 silly lockFile c971a9c1-gulp-plumber-0-5-6 gulp-plumber@0.5.6
330 verbose lock gulp-plumber@0.5.6 /Users/simon/.npm/c971a9c1-gulp-plumber-0-5-6.lock
331 silly lockFile 18fb18b5-p-plumber-gulp-plumber-0-5-6-tgz https://registry.npmjs.org/gulp-plumber/-/gulp-plumber-0.5.6.tgz
332 verbose lock https://registry.npmjs.org/gulp-plumber/-/gulp-plumber-0.5.6.tgz /Users/simon/.npm/18fb18b5-p-plumber-gulp-plumber-0-5-6-tgz.lock
333 silly lockFile f843d0d7-gulp-3-8-10 gulp@3.8.10
334 silly lockFile f843d0d7-gulp-3-8-10 gulp@3.8.10
335 verbose addRemoteTarball [ 'https://registry.npmjs.org/gulp-plumber/-/gulp-plumber-0.5.6.tgz',
335 verbose addRemoteTarball   'f25ba0558c1b754bac2cf0ee2658cbbe76c7bf3d' ]
336 silly lockFile 2e0056fa-gulp-3-8-5 gulp@~3.8.5
337 silly lockFile 2e0056fa-gulp-3-8-5 gulp@~3.8.5
338 info retry fetch attempt 1 at 14:22:40
339 verbose fetch to= /var/folders/_w/zd6g7lhj08n5495dx7l3zpyr0000gn/T/npm-53752-jy3mlOA_/registry.npmjs.org/gulp-plumber/-/gulp-plumber-0.5.6.tgz
340 http GET https://registry.npmjs.org/gulp-plumber/-/gulp-plumber-0.5.6.tgz
341 http 200 https://registry.npmjs.org/gulp-filesize
342 silly registry.get cb [ 200,
342 silly registry.get   { date: 'Wed, 28 Jan 2015 13:22:41 GMT',
342 silly registry.get     server: 'CouchDB/1.5.0 (Erlang OTP/R16B03)',
342 silly registry.get     etag: '"4GC71Q6LISFKL5VDMB0TKUY4Y"',
342 silly registry.get     'content-type': 'application/json',
342 silly registry.get     'cache-control': 'max-age=60',
342 silly registry.get     'content-length': '6551',
342 silly registry.get     'accept-ranges': 'bytes',
342 silly registry.get     via: '1.1 varnish',
342 silly registry.get     age: '0',
342 silly registry.get     'x-served-by': 'cache-ams4145-AMS',
342 silly registry.get     'x-cache': 'MISS',
342 silly registry.get     'x-cache-hits': '0',
342 silly registry.get     'x-timer': 'S1422451361.401673,VS0,VE91',
342 silly registry.get     vary: 'Accept',
342 silly registry.get     'keep-alive': 'timeout=10, max=50',
342 silly registry.get     connection: 'Keep-Alive' } ]
343 silly lockFile f7b45511-filesize-gulp-filesize-0-0-6-tgz https://registry.npmjs.org/gulp-filesize/-/gulp-filesize-0.0.6.tgz
344 verbose lock https://registry.npmjs.org/gulp-filesize/-/gulp-filesize-0.0.6.tgz /Users/simon/.npm/f7b45511-filesize-gulp-filesize-0-0-6-tgz.lock
345 verbose addRemoteTarball [ 'https://registry.npmjs.org/gulp-filesize/-/gulp-filesize-0.0.6.tgz',
345 verbose addRemoteTarball   'dd677a4f0e9af7efe20008682be4c78f409c556b' ]
346 info retry fetch attempt 1 at 14:22:40
347 verbose fetch to= /var/folders/_w/zd6g7lhj08n5495dx7l3zpyr0000gn/T/npm-53752-jy3mlOA_/registry.npmjs.org/gulp-filesize/-/gulp-filesize-0.0.6.tgz
348 http GET https://registry.npmjs.org/gulp-filesize/-/gulp-filesize-0.0.6.tgz
349 http 200 https://registry.npmjs.org/gulp-combine-media-queries/-/gulp-combine-media-queries-0.2.0.tgz
350 http 304 https://registry.npmjs.org/gulp-util
351 silly registry.get cb [ 304,
351 silly registry.get   { date: 'Wed, 28 Jan 2015 13:22:41 GMT',
351 silly registry.get     server: 'Apache',
351 silly registry.get     via: '1.1 varnish',
351 silly registry.get     'last-modified': 'Wed, 28 Jan 2015 13:22:41 GMT',
351 silly registry.get     'cache-control': 'max-age=60',
351 silly registry.get     etag: '"DANZF0D18ACKV9IBK4HYUJJ6Y"',
351 silly registry.get     age: '20',
351 silly registry.get     'x-served-by': 'cache-ams4145-AMS',
351 silly registry.get     'x-cache': 'HIT',
351 silly registry.get     'x-cache-hits': '1',
351 silly registry.get     'x-timer': 'S1422451361.517723,VS0,VE0',
351 silly registry.get     vary: 'Accept',
351 silly registry.get     'content-length': '0',
351 silly registry.get     'keep-alive': 'timeout=10, max=49',
351 silly registry.get     connection: 'Keep-Alive' } ]
352 verbose etag https://registry.npmjs.org/gulp-util from cache
353 http 200 https://registry.npmjs.org/gulp-autoprefixer/-/gulp-autoprefixer-2.1.0.tgz
354 silly addNameRange number 2 { name: 'gulp-util',
354 silly addNameRange   range: '>=2.2.20-0 <2.3.0-0',
354 silly addNameRange   hasData: true }
355 silly addNameRange versions [ 'gulp-util',
355 silly addNameRange   [ '0.0.1',
355 silly addNameRange     '1.0.0',
355 silly addNameRange     '1.1.0',
355 silly addNameRange     '1.1.1',
355 silly addNameRange     '1.2.0',
355 silly addNameRange     '1.3.0',
355 silly addNameRange     '2.0.0',
355 silly addNameRange     '2.1.1',
355 silly addNameRange     '2.1.2',
355 silly addNameRange     '2.1.3',
355 silly addNameRange     '2.1.4',
355 silly addNameRange     '2.2.0',
355 silly addNameRange     '2.2.1',
355 silly addNameRange     '2.2.2',
355 silly addNameRange     '2.2.3',
355 silly addNameRange     '2.2.5',
355 silly addNameRange     '2.2.6',
355 silly addNameRange     '2.2.7',
355 silly addNameRange     '2.2.8',
355 silly addNameRange     '2.2.9',
355 silly addNameRange     '2.2.10',
355 silly addNameRange     '2.2.11',
355 silly addNameRange     '2.2.12',
355 silly addNameRange     '2.2.13',
355 silly addNameRange     '2.2.14',
355 silly addNameRange     '2.2.15',
355 silly addNameRange     '2.2.16',
355 silly addNameRange     '2.2.17',
355 silly addNameRange     '2.2.18',
355 silly addNameRange     '2.2.19',
355 silly addNameRange     '2.2.20',
355 silly addNameRange     '3.0.0',
355 silly addNameRange     '3.0.1',
355 silly addNameRange     '3.0.2' ] ]
356 verbose addNamed [ 'gulp-util', '2.2.20' ]
357 verbose addNamed [ '2.2.20', '2.2.20' ]
358 silly lockFile 48c194cb-gulp-util-2-2-20 gulp-util@2.2.20
359 verbose lock gulp-util@2.2.20 /Users/simon/.npm/48c194cb-gulp-util-2-2-20.lock
360 http 200 https://registry.npmjs.org/gulp-sass
361 silly registry.get cb [ 200,
361 silly registry.get   { date: 'Wed, 28 Jan 2015 13:22:41 GMT',
361 silly registry.get     server: 'CouchDB/1.5.0 (Erlang OTP/R16B03)',
361 silly registry.get     etag: '"85MJGNKZGK0FPTLSD38G3AB7N"',
361 silly registry.get     'content-type': 'application/json',
361 silly registry.get     'cache-control': 'max-age=60',
361 silly registry.get     'content-length': '30622',
361 silly registry.get     'accept-ranges': 'bytes',
361 silly registry.get     via: '1.1 varnish',
361 silly registry.get     age: '22',
361 silly registry.get     'x-served-by': 'cache-ams4135-AMS',
361 silly registry.get     'x-cache': 'HIT',
361 silly registry.get     'x-cache-hits': '1',
361 silly registry.get     'x-timer': 'S1422451361.459982,VS0,VE0',
361 silly registry.get     vary: 'Accept',
361 silly registry.get     'keep-alive': 'timeout=10, max=48',
361 silly registry.get     connection: 'Keep-Alive' } ]
362 silly lockFile 34166e88-g-gulp-util-gulp-util-2-2-20-tgz https://registry.npmjs.org/gulp-util/-/gulp-util-2.2.20.tgz
363 verbose lock https://registry.npmjs.org/gulp-util/-/gulp-util-2.2.20.tgz /Users/simon/.npm/34166e88-g-gulp-util-gulp-util-2-2-20-tgz.lock
364 verbose addRemoteTarball [ 'https://registry.npmjs.org/gulp-util/-/gulp-util-2.2.20.tgz',
364 verbose addRemoteTarball   'd7146e5728910bd8f047a6b0b1e549bc22dbd64c' ]
365 info retry fetch attempt 1 at 14:22:40
366 verbose fetch to= /var/folders/_w/zd6g7lhj08n5495dx7l3zpyr0000gn/T/npm-53752-jy3mlOA_/registry.npmjs.org/gulp-util/-/gulp-util-2.2.20.tgz
367 silly addNameRange number 2 { name: 'gulp-sass', range: '>=1.1.0-0 <2.0.0-0', hasData: true }
368 silly addNameRange versions [ 'gulp-sass',
368 silly addNameRange   [ '0.1.0',
368 silly addNameRange     '0.2.1',
368 silly addNameRange     '0.2.2',
368 silly addNameRange     '0.2.3',
368 silly addNameRange     '0.3.0',
368 silly addNameRange     '0.4.0',
368 silly addNameRange     '0.4.1',
368 silly addNameRange     '0.5.0',
368 silly addNameRange     '0.5.1',
368 silly addNameRange     '0.5.2',
368 silly addNameRange     '0.6.0',
368 silly addNameRange     '0.7.0',
368 silly addNameRange     '0.7.1',
368 silly addNameRange     '0.7.2',
368 silly addNameRange     '0.7.3',
368 silly addNameRange     '1.0.0',
368 silly addNameRange     '1.1.0',
368 silly addNameRange     '1.2.0',
368 silly addNameRange     '1.2.1',
368 silly addNameRange     '1.2.2',
368 silly addNameRange     '1.2.3',
368 silly addNameRange     '1.2.4',
368 silly addNameRange     '1.3.0',
368 silly addNameRange     '1.3.1',
368 silly addNameRange     '1.3.2' ] ]
369 verbose addNamed [ 'gulp-sass', '1.3.2' ]
370 verbose addNamed [ '1.3.2', '1.3.2' ]
371 silly lockFile 332d4294-gulp-sass-1-3-2 gulp-sass@1.3.2
372 verbose lock gulp-sass@1.3.2 /Users/simon/.npm/332d4294-gulp-sass-1-3-2.lock
373 http GET https://registry.npmjs.org/gulp-util/-/gulp-util-2.2.20.tgz
374 silly lockFile 703f66fd--combine-media-queries-0-2-0-tgz https://registry.npmjs.org/gulp-combine-media-queries/-/gulp-combine-media-queries-0.2.0.tgz
375 silly lockFile 703f66fd--combine-media-queries-0-2-0-tgz https://registry.npmjs.org/gulp-combine-media-queries/-/gulp-combine-media-queries-0.2.0.tgz
376 silly lockFile f22bcf95-ixer-gulp-autoprefixer-2-1-0-tgz https://registry.npmjs.org/gulp-autoprefixer/-/gulp-autoprefixer-2.1.0.tgz
377 silly lockFile f22bcf95-ixer-gulp-autoprefixer-2-1-0-tgz https://registry.npmjs.org/gulp-autoprefixer/-/gulp-autoprefixer-2.1.0.tgz
378 silly lockFile d6a448bf-rg-gulp-sass-gulp-sass-1-3-2-tgz https://registry.npmjs.org/gulp-sass/-/gulp-sass-1.3.2.tgz
379 verbose lock https://registry.npmjs.org/gulp-sass/-/gulp-sass-1.3.2.tgz /Users/simon/.npm/d6a448bf-rg-gulp-sass-gulp-sass-1-3-2-tgz.lock
380 silly lockFile 1153c219-gulp-combine-media-queries-0-2-0 gulp-combine-media-queries@0.2.0
381 silly lockFile 1153c219-gulp-combine-media-queries-0-2-0 gulp-combine-media-queries@0.2.0
382 silly lockFile ccdf8bd0-gulp-autoprefixer-2-1-0 gulp-autoprefixer@2.1.0
383 silly lockFile ccdf8bd0-gulp-autoprefixer-2-1-0 gulp-autoprefixer@2.1.0
384 verbose addRemoteTarball [ 'https://registry.npmjs.org/gulp-sass/-/gulp-sass-1.3.2.tgz',
384 verbose addRemoteTarball   'ef7502a803351813ec4fe027ebb77e07522b2ab4' ]
385 silly lockFile 79977153-gulp-combine-media-queries-0-2-0 gulp-combine-media-queries@^0.2.0
386 silly lockFile 79977153-gulp-combine-media-queries-0-2-0 gulp-combine-media-queries@^0.2.0
387 silly lockFile 48e238dc-gulp-autoprefixer-2-0-0 gulp-autoprefixer@^2.0.0
388 silly lockFile 48e238dc-gulp-autoprefixer-2-0-0 gulp-autoprefixer@^2.0.0
389 info retry fetch attempt 1 at 14:22:40
390 verbose fetch to= /var/folders/_w/zd6g7lhj08n5495dx7l3zpyr0000gn/T/npm-53752-jy3mlOA_/registry.npmjs.org/gulp-sass/-/gulp-sass-1.3.2.tgz
391 http GET https://registry.npmjs.org/gulp-sass/-/gulp-sass-1.3.2.tgz
392 http 200 https://registry.npmjs.org/browser-sync
393 silly registry.get cb [ 200,
393 silly registry.get   { date: 'Wed, 28 Jan 2015 13:22:41 GMT',
393 silly registry.get     server: 'CouchDB/1.5.0 (Erlang OTP/R16B03)',
393 silly registry.get     etag: '"9BS5U7K7I16JQU1FB4MM139P7"',
393 silly registry.get     'content-type': 'application/json',
393 silly registry.get     'cache-control': 'max-age=60',
393 silly registry.get     'content-length': '207302',
393 silly registry.get     'accept-ranges': 'bytes',
393 silly registry.get     via: '1.1 varnish',
393 silly registry.get     age: '11',
393 silly registry.get     'x-served-by': 'cache-ams4147-AMS',
393 silly registry.get     'x-cache': 'HIT',
393 silly registry.get     'x-cache-hits': '1',
393 silly registry.get     'x-timer': 'S1422451361.393662,VS0,VE1',
393 silly registry.get     vary: 'Accept',
393 silly registry.get     'keep-alive': 'timeout=10, max=50',
393 silly registry.get     connection: 'Keep-Alive' } ]
394 http 200 https://registry.npmjs.org/gulp-plumber/-/gulp-plumber-0.5.6.tgz
395 http 200 https://registry.npmjs.org/gulp-filesize/-/gulp-filesize-0.0.6.tgz
396 silly addNameRange number 2 { name: 'browser-sync',
396 silly addNameRange   range: '>=0.8.2-0 <0.9.0-0',
396 silly addNameRange   hasData: true }
397 silly addNameRange versions [ 'browser-sync',
397 silly addNameRange   [ '0.1.0',
397 silly addNameRange     '0.1.1',
397 silly addNameRange     '0.1.3',
397 silly addNameRange     '0.1.5',
397 silly addNameRange     '0.1.6',
397 silly addNameRange     '0.1.7',
397 silly addNameRange     '0.1.8',
397 silly addNameRange     '0.1.9',
397 silly addNameRange     '0.1.10',
397 silly addNameRange     '0.2.0',
397 silly addNameRange     '0.2.1',
397 silly addNameRange     '0.3.0',
397 silly addNameRange     '0.3.1',
397 silly addNameRange     '0.3.2',
397 silly addNameRange     '0.3.3',
397 silly addNameRange     '0.3.4',
397 silly addNameRange     '0.3.5',
397 silly addNameRange     '0.3.6',
397 silly addNameRange     '0.3.7',
397 silly addNameRange     '0.3.8',
397 silly addNameRange     '0.3.10',
397 silly addNameRange     '0.4.0',
397 silly addNameRange     '0.4.1',
397 silly addNameRange     '0.4.2',
397 silly addNameRange     '0.4.21',
397 silly addNameRange     '0.4.3',
397 silly addNameRange     '0.4.4',
397 silly addNameRange     '0.4.5',
397 silly addNameRange     '0.4.6',
397 silly addNameRange     '0.4.7',
397 silly addNameRange     '0.4.8',
397 silly addNameRange     '0.4.9',
397 silly addNameRange     '0.4.10',
397 silly addNameRange     '0.4.11',
397 silly addNameRange     '0.4.12',
397 silly addNameRange     '0.5.0',
397 silly addNameRange     '0.5.1',
397 silly addNameRange     '0.5.2',
397 silly addNameRange     '0.5.3',
397 silly addNameRange     '0.5.4',
397 silly addNameRange     '0.5.5',
397 silly addNameRange     '0.5.6',
397 silly addNameRange     '0.5.7',
397 silly addNameRange     '0.5.8',
397 silly addNameRange     '0.5.9',
397 silly addNameRange     '0.6.0',
397 silly addNameRange     '0.6.1',
397 silly addNameRange     '0.6.2',
397 silly addNameRange     '0.7.0',
397 silly addNameRange     '0.7.1',
397 silly addNameRange     '0.7.2',
397 silly addNameRange     '0.7.3',
397 silly addNameRange     '0.7.4',
397 silly addNameRange     '0.7.5',
397 silly addNameRange     '0.7.7',
397 silly addNameRange     '0.8.0',
397 silly addNameRange     '0.8.1',
397 silly addNameRange     '0.8.2',
397 silly addNameRange     '0.9.0',
397 silly addNameRange     '0.9.1',
397 silly addNameRange     '1.0.0',
397 silly addNameRange     '1.1.0',
397 silly addNameRange     '1.1.1',
397 silly addNameRange     '1.1.2',
397 silly addNameRange     '1.2.0',
397 silly addNameRange     '1.2.1',
397 silly addNameRange     '1.3.0',
397 silly addNameRange     '1.3.2',
397 silly addNameRange     '1.3.3',
397 silly addNameRange     '1.3.4',
397 silly addNameRange     '1.3.5',
397 silly addNameRange     '1.3.6',
397 silly addNameRange     '1.3.7',
397 silly addNameRange     '1.5.0',
397 silly addNameRange     '1.5.1',
397 silly addNameRange     '1.5.2',
397 silly addNameRange     '1.5.3',
397 silly addNameRange     '1.5.4',
397 silly addNameRange     '1.5.5',
397 silly addNameRange     '1.5.6',
397 silly addNameRange     '1.5.7',
397 silly addNameRange     '1.5.8',
397 silly addNameRange     '1.5.9',
397 silly addNameRange     '1.6.0',
397 silly addNameRange     '1.6.1',
397 silly addNameRange     '1.6.2',
397 silly addNameRange     '1.6.3',
397 silly addNameRange     '1.6.4',
397 silly addNameRange     '1.6.5',
397 silly addNameRange     '1.7.0',
397 silly addNameRange     '1.7.1',
397 silly addNameRange     '1.7.2',
397 silly addNameRange     '1.7.3',
397 silly addNameRange     '1.8.0',
397 silly addNameRange     '1.8.1',
397 silly addNameRange     '1.8.2',
397 silly addNameRange     '1.8.3',
397 silly addNameRange     '1.9.0',
397 silly addNameRange     '1.9.1' ] ]
398 verbose addNamed [ 'browser-sync', '0.8.2' ]
399 verbose addNamed [ '0.8.2', '0.8.2' ]
400 silly lockFile c5bc9bea-browser-sync-0-8-2 browser-sync@0.8.2
401 verbose lock browser-sync@0.8.2 /Users/simon/.npm/c5bc9bea-browser-sync-0-8-2.lock
402 silly lockFile 11948738-wser-sync-browser-sync-0-8-2-tgz https://registry.npmjs.org/browser-sync/-/browser-sync-0.8.2.tgz
403 verbose lock https://registry.npmjs.org/browser-sync/-/browser-sync-0.8.2.tgz /Users/simon/.npm/11948738-wser-sync-browser-sync-0-8-2-tgz.lock
404 verbose addRemoteTarball [ 'https://registry.npmjs.org/browser-sync/-/browser-sync-0.8.2.tgz',
404 verbose addRemoteTarball   '39edf48ab4c7ef837d2b754049859bc6248db6ad' ]
405 silly lockFile f7b45511-filesize-gulp-filesize-0-0-6-tgz https://registry.npmjs.org/gulp-filesize/-/gulp-filesize-0.0.6.tgz
406 silly lockFile f7b45511-filesize-gulp-filesize-0-0-6-tgz https://registry.npmjs.org/gulp-filesize/-/gulp-filesize-0.0.6.tgz
407 info retry fetch attempt 1 at 14:22:40
408 verbose fetch to= /var/folders/_w/zd6g7lhj08n5495dx7l3zpyr0000gn/T/npm-53752-jy3mlOA_/registry.npmjs.org/browser-sync/-/browser-sync-0.8.2.tgz
409 silly lockFile 18fb18b5-p-plumber-gulp-plumber-0-5-6-tgz https://registry.npmjs.org/gulp-plumber/-/gulp-plumber-0.5.6.tgz
410 silly lockFile 18fb18b5-p-plumber-gulp-plumber-0-5-6-tgz https://registry.npmjs.org/gulp-plumber/-/gulp-plumber-0.5.6.tgz
411 silly lockFile 6285e1b5-gulp-filesize-0-0-6 gulp-filesize@0.0.6
412 silly lockFile 6285e1b5-gulp-filesize-0-0-6 gulp-filesize@0.0.6
413 silly lockFile c971a9c1-gulp-plumber-0-5-6 gulp-plumber@0.5.6
414 silly lockFile c971a9c1-gulp-plumber-0-5-6 gulp-plumber@0.5.6
415 http GET https://registry.npmjs.org/browser-sync/-/browser-sync-0.8.2.tgz
416 silly lockFile 27c2296d-gulp-plumber-0-5-6 gulp-plumber@~0.5.6
417 silly lockFile 27c2296d-gulp-plumber-0-5-6 gulp-plumber@~0.5.6
418 http 200 https://registry.npmjs.org/gulp-util/-/gulp-util-2.2.20.tgz
419 http 200 https://registry.npmjs.org/gulp-sass/-/gulp-sass-1.3.2.tgz
420 silly lockFile 34166e88-g-gulp-util-gulp-util-2-2-20-tgz https://registry.npmjs.org/gulp-util/-/gulp-util-2.2.20.tgz
421 silly lockFile 34166e88-g-gulp-util-gulp-util-2-2-20-tgz https://registry.npmjs.org/gulp-util/-/gulp-util-2.2.20.tgz
422 silly lockFile 48c194cb-gulp-util-2-2-20 gulp-util@2.2.20
423 silly lockFile 48c194cb-gulp-util-2-2-20 gulp-util@2.2.20
424 silly lockFile f4d523d7-gulp-util-2-2-20 gulp-util@~2.2.20
425 silly lockFile f4d523d7-gulp-util-2-2-20 gulp-util@~2.2.20
426 silly lockFile d6a448bf-rg-gulp-sass-gulp-sass-1-3-2-tgz https://registry.npmjs.org/gulp-sass/-/gulp-sass-1.3.2.tgz
427 silly lockFile d6a448bf-rg-gulp-sass-gulp-sass-1-3-2-tgz https://registry.npmjs.org/gulp-sass/-/gulp-sass-1.3.2.tgz
428 silly lockFile 332d4294-gulp-sass-1-3-2 gulp-sass@1.3.2
429 silly lockFile 332d4294-gulp-sass-1-3-2 gulp-sass@1.3.2
430 silly lockFile a9b81bc5-gulp-sass-1-1-0 gulp-sass@^1.1.0
431 silly lockFile a9b81bc5-gulp-sass-1-1-0 gulp-sass@^1.1.0
432 http 200 https://registry.npmjs.org/gulp-sourcemaps
433 silly registry.get cb [ 200,
433 silly registry.get   { date: 'Wed, 28 Jan 2015 13:22:41 GMT',
433 silly registry.get     server: 'CouchDB/1.5.0 (Erlang OTP/R16B03)',
433 silly registry.get     etag: '"17GKNSB0CVQOBZ87A5QPZD5D7"',
433 silly registry.get     'content-type': 'application/json',
433 silly registry.get     'cache-control': 'max-age=60',
433 silly registry.get     'content-length': '49480',
433 silly registry.get     'accept-ranges': 'bytes',
433 silly registry.get     via: '1.1 varnish',
433 silly registry.get     age: '22',
433 silly registry.get     'x-served-by': 'cache-ams4133-AMS',
433 silly registry.get     'x-cache': 'HIT',
433 silly registry.get     'x-cache-hits': '1',
433 silly registry.get     'x-timer': 'S1422451361.498871,VS0,VE0',
433 silly registry.get     vary: 'Accept',
433 silly registry.get     'keep-alive': 'timeout=10, max=48',
433 silly registry.get     connection: 'Keep-Alive' } ]
434 http 200 https://registry.npmjs.org/gulp-minify-css/-/gulp-minify-css-0.3.13.tgz
435 silly addNameRange number 2 { name: 'gulp-sourcemaps',
435 silly addNameRange   range: '>=1.2.8-0 <2.0.0-0',
435 silly addNameRange   hasData: true }
436 silly addNameRange versions [ 'gulp-sourcemaps',
436 silly addNameRange   [ '0.2.0',
436 silly addNameRange     '0.2.1',
436 silly addNameRange     '0.3.0',
436 silly addNameRange     '0.3.1',
436 silly addNameRange     '0.4.0',
436 silly addNameRange     '0.4.1',
436 silly addNameRange     '0.4.2',
436 silly addNameRange     '0.4.3',
436 silly addNameRange     '0.4.4',
436 silly addNameRange     '0.4.5',
436 silly addNameRange     '0.4.6',
436 silly addNameRange     '1.0.0',
436 silly addNameRange     '1.1.0',
436 silly addNameRange     '1.1.1',
436 silly addNameRange     '1.1.2',
436 silly addNameRange     '1.1.3',
436 silly addNameRange     '1.1.4',
436 silly addNameRange     '1.1.5',
436 silly addNameRange     '1.2.0',
436 silly addNameRange     '1.2.1',
436 silly addNameRange     '1.2.2',
436 silly addNameRange     '1.2.3',
436 silly addNameRange     '1.2.4',
436 silly addNameRange     '1.2.5',
436 silly addNameRange     '1.2.6',
436 silly addNameRange     '1.2.7',
436 silly addNameRange     '1.2.8',
436 silly addNameRange     '1.3.0' ] ]
437 verbose addNamed [ 'gulp-sourcemaps', '1.3.0' ]
438 verbose addNamed [ '1.3.0', '1.3.0' ]
439 silly lockFile c9dc25b5-gulp-sourcemaps-1-3-0 gulp-sourcemaps@1.3.0
440 verbose lock gulp-sourcemaps@1.3.0 /Users/simon/.npm/c9dc25b5-gulp-sourcemaps-1-3-0.lock
441 silly lockFile 18b35538-cemaps-gulp-sourcemaps-1-3-0-tgz https://registry.npmjs.org/gulp-sourcemaps/-/gulp-sourcemaps-1.3.0.tgz
442 verbose lock https://registry.npmjs.org/gulp-sourcemaps/-/gulp-sourcemaps-1.3.0.tgz /Users/simon/.npm/18b35538-cemaps-gulp-sourcemaps-1-3-0-tgz.lock
443 verbose addRemoteTarball [ 'https://registry.npmjs.org/gulp-sourcemaps/-/gulp-sourcemaps-1.3.0.tgz',
443 verbose addRemoteTarball   'f8f72759fc8b1ec68c37365b4714ce239242d054' ]
444 info retry fetch attempt 1 at 14:22:40
445 verbose fetch to= /var/folders/_w/zd6g7lhj08n5495dx7l3zpyr0000gn/T/npm-53752-jy3mlOA_/registry.npmjs.org/gulp-sourcemaps/-/gulp-sourcemaps-1.3.0.tgz
446 http GET https://registry.npmjs.org/gulp-sourcemaps/-/gulp-sourcemaps-1.3.0.tgz
447 silly lockFile 8781e9f5-y-css-gulp-minify-css-0-3-13-tgz https://registry.npmjs.org/gulp-minify-css/-/gulp-minify-css-0.3.13.tgz
448 silly lockFile 8781e9f5-y-css-gulp-minify-css-0-3-13-tgz https://registry.npmjs.org/gulp-minify-css/-/gulp-minify-css-0.3.13.tgz
449 silly lockFile 9038a954-gulp-minify-css-0-3-13 gulp-minify-css@0.3.13
450 silly lockFile 9038a954-gulp-minify-css-0-3-13 gulp-minify-css@0.3.13
451 silly lockFile d01096ed-gulp-minify-css-0-3-11 gulp-minify-css@^0.3.11
452 silly lockFile d01096ed-gulp-minify-css-0-3-11 gulp-minify-css@^0.3.11
453 http 200 https://registry.npmjs.org/gulp-sourcemaps/-/gulp-sourcemaps-1.3.0.tgz
454 silly lockFile 18b35538-cemaps-gulp-sourcemaps-1-3-0-tgz https://registry.npmjs.org/gulp-sourcemaps/-/gulp-sourcemaps-1.3.0.tgz
455 silly lockFile 18b35538-cemaps-gulp-sourcemaps-1-3-0-tgz https://registry.npmjs.org/gulp-sourcemaps/-/gulp-sourcemaps-1.3.0.tgz
456 silly lockFile c9dc25b5-gulp-sourcemaps-1-3-0 gulp-sourcemaps@1.3.0
457 silly lockFile c9dc25b5-gulp-sourcemaps-1-3-0 gulp-sourcemaps@1.3.0
458 silly lockFile deb77b9b-gulp-sourcemaps-1-2-8 gulp-sourcemaps@^1.2.8
459 silly lockFile deb77b9b-gulp-sourcemaps-1-2-8 gulp-sourcemaps@^1.2.8
460 http 200 https://registry.npmjs.org/gulp-filter/-/gulp-filter-1.0.2.tgz
461 silly lockFile a918fb96-ulp-filter-gulp-filter-1-0-2-tgz https://registry.npmjs.org/gulp-filter/-/gulp-filter-1.0.2.tgz
462 silly lockFile a918fb96-ulp-filter-gulp-filter-1-0-2-tgz https://registry.npmjs.org/gulp-filter/-/gulp-filter-1.0.2.tgz
463 silly lockFile c3454c8d-gulp-filter-1-0-2 gulp-filter@1.0.2
464 silly lockFile c3454c8d-gulp-filter-1-0-2 gulp-filter@1.0.2
465 silly lockFile 360e1b96-gulp-filter-1-0-2 gulp-filter@^1.0.2
466 silly lockFile 360e1b96-gulp-filter-1-0-2 gulp-filter@^1.0.2
467 http 200 https://registry.npmjs.org/gulp-watch
468 silly registry.get cb [ 200,
468 silly registry.get   { date: 'Wed, 28 Jan 2015 13:22:42 GMT',
468 silly registry.get     server: 'CouchDB/1.5.0 (Erlang OTP/R16B03)',
468 silly registry.get     etag: '"2O0BNVFM5DYU2D3E06C2UWRHD"',
468 silly registry.get     'content-type': 'application/json',
468 silly registry.get     'cache-control': 'max-age=60',
468 silly registry.get     'content-length': '93967',
468 silly registry.get     'accept-ranges': 'bytes',
468 silly registry.get     via: '1.1 varnish',
468 silly registry.get     age: '0',
468 silly registry.get     'x-served-by': 'cache-ams4122-AMS',
468 silly registry.get     'x-cache': 'HIT',
468 silly registry.get     'x-cache-hits': '1',
468 silly registry.get     'x-timer': 'S1422451361.499577,VS0,VE688',
468 silly registry.get     vary: 'Accept',
468 silly registry.get     'keep-alive': 'timeout=10, max=47',
468 silly registry.get     connection: 'Keep-Alive' } ]
469 silly addNameRange number 2 { name: 'gulp-watch',
469 silly addNameRange   range: '>=0.5.4-0 <0.6.0-0',
469 silly addNameRange   hasData: true }
470 silly addNameRange versions [ 'gulp-watch',
470 silly addNameRange   [ '0.0.1',
470 silly addNameRange     '0.0.2',
470 silly addNameRange     '0.0.3',
470 silly addNameRange     '0.0.4',
470 silly addNameRange     '0.1.0',
470 silly addNameRange     '0.1.1',
470 silly addNameRange     '0.1.2',
470 silly addNameRange     '0.1.3',
470 silly addNameRange     '0.2.0',
470 silly addNameRange     '0.2.1',
470 silly addNameRange     '0.2.2',
470 silly addNameRange     '0.2.3',
470 silly addNameRange     '0.2.4',
470 silly addNameRange     '0.2.5',
470 silly addNameRange     '0.2.6',
470 silly addNameRange     '0.2.7',
470 silly addNameRange     '0.3.0',
470 silly addNameRange     '0.3.1',
470 silly addNameRange     '0.3.2',
470 silly addNameRange     '0.3.3',
470 silly addNameRange     '0.3.4',
470 silly addNameRange     '0.4.0',
470 silly addNameRange     '0.4.1',
470 silly addNameRange     '0.4.2',
470 silly addNameRange     '0.5.0',
470 silly addNameRange     '0.5.2',
470 silly addNameRange     '0.5.3',
470 silly addNameRange     '0.5.4',
470 silly addNameRange     '0.6.0',
470 silly addNameRange     '0.6.1',
470 silly addNameRange     '0.6.2',
470 silly addNameRange     '0.6.3',
470 silly addNameRange     '0.6.4',
470 silly addNameRange     '0.6.5',
470 silly addNameRange     '0.6.6',
470 silly addNameRange     '0.7.0-alpha2',
470 silly addNameRange     '0.6.6-1',
470 silly addNameRange     '0.6.7',
470 silly addNameRange     '0.6.8',
470 silly addNameRange     '0.7.0-alpha3',
470 silly addNameRange     '0.6.9',
470 silly addNameRange     '0.6.10',
470 silly addNameRange     '0.7.0',
470 silly addNameRange     '0.7.1',
470 silly addNameRange     '1.0.0',
470 silly addNameRange     '1.0.2',
470 silly addNameRange     '1.0.3',
470 silly addNameRange     '1.0.4',
470 silly addNameRange     '1.0.5',
470 silly addNameRange     '1.0.6',
470 silly addNameRange     '1.0.7',
470 silly addNameRange     '1.1.0',
470 silly addNameRange     '1.2.0',
470 silly addNameRange     '1.0.8',
470 silly addNameRange     '1.1.1',
470 silly addNameRange     '1.2.1',
470 silly addNameRange     '2.0.0',
470 silly addNameRange     '3.0.0',
470 silly addNameRange     '4.0.0',
470 silly addNameRange     '4.0.1',
470 silly addNameRange     '4.0.2',
470 silly addNameRange     '4.0.3',
470 silly addNameRange     '4.1.0' ] ]
471 verbose addNamed [ 'gulp-watch', '0.5.4' ]
472 verbose addNamed [ '0.5.4', '0.5.4' ]
473 silly lockFile c2c0f2a1-gulp-watch-0-5-4 gulp-watch@0.5.4
474 verbose lock gulp-watch@0.5.4 /Users/simon/.npm/c2c0f2a1-gulp-watch-0-5-4.lock
475 silly lockFile 875aacc5--gulp-watch-gulp-watch-0-5-4-tgz https://registry.npmjs.org/gulp-watch/-/gulp-watch-0.5.4.tgz
476 verbose lock https://registry.npmjs.org/gulp-watch/-/gulp-watch-0.5.4.tgz /Users/simon/.npm/875aacc5--gulp-watch-gulp-watch-0-5-4-tgz.lock
477 verbose addRemoteTarball [ 'https://registry.npmjs.org/gulp-watch/-/gulp-watch-0.5.4.tgz',
477 verbose addRemoteTarball   '4f2cccd6e0808c895f530d843b806dc450d3ae2c' ]
478 info retry fetch attempt 1 at 14:22:41
479 verbose fetch to= /var/folders/_w/zd6g7lhj08n5495dx7l3zpyr0000gn/T/npm-53752-jy3mlOA_/registry.npmjs.org/gulp-watch/-/gulp-watch-0.5.4.tgz
480 http GET https://registry.npmjs.org/gulp-watch/-/gulp-watch-0.5.4.tgz
481 http 200 https://registry.npmjs.org/gulp-watch/-/gulp-watch-0.5.4.tgz
482 silly lockFile 875aacc5--gulp-watch-gulp-watch-0-5-4-tgz https://registry.npmjs.org/gulp-watch/-/gulp-watch-0.5.4.tgz
483 silly lockFile 875aacc5--gulp-watch-gulp-watch-0-5-4-tgz https://registry.npmjs.org/gulp-watch/-/gulp-watch-0.5.4.tgz
484 silly lockFile c2c0f2a1-gulp-watch-0-5-4 gulp-watch@0.5.4
485 silly lockFile c2c0f2a1-gulp-watch-0-5-4 gulp-watch@0.5.4
486 silly lockFile d2de79f9-gulp-watch-0-5-4 gulp-watch@~0.5.4
487 silly lockFile d2de79f9-gulp-watch-0-5-4 gulp-watch@~0.5.4
488 http 200 https://registry.npmjs.org/gulp-concat/-/gulp-concat-2.4.3.tgz
489 silly lockFile ed610d0c-ulp-concat-gulp-concat-2-4-3-tgz https://registry.npmjs.org/gulp-concat/-/gulp-concat-2.4.3.tgz
490 silly lockFile ed610d0c-ulp-concat-gulp-concat-2-4-3-tgz https://registry.npmjs.org/gulp-concat/-/gulp-concat-2.4.3.tgz
491 silly lockFile 07935a45-gulp-concat-2-4-3 gulp-concat@2.4.3
492 silly lockFile 07935a45-gulp-concat-2-4-3 gulp-concat@2.4.3
493 silly lockFile faa9f7df-gulp-concat-2-4-2 gulp-concat@^2.4.2
494 silly lockFile faa9f7df-gulp-concat-2-4-2 gulp-concat@^2.4.2
495 http 200 https://registry.npmjs.org/browser-sync/-/browser-sync-0.8.2.tgz
496 silly lockFile 11948738-wser-sync-browser-sync-0-8-2-tgz https://registry.npmjs.org/browser-sync/-/browser-sync-0.8.2.tgz
497 silly lockFile 11948738-wser-sync-browser-sync-0-8-2-tgz https://registry.npmjs.org/browser-sync/-/browser-sync-0.8.2.tgz
498 silly lockFile c5bc9bea-browser-sync-0-8-2 browser-sync@0.8.2
499 silly lockFile c5bc9bea-browser-sync-0-8-2 browser-sync@0.8.2
500 silly lockFile ec4b5924-browser-sync-0-8-2 browser-sync@~0.8.2
501 silly lockFile ec4b5924-browser-sync-0-8-2 browser-sync@~0.8.2
502 error Error: EACCES, mkdir '/Users/simon/.npm/gulp-util/2.2.20'
502 error  { [Error: EACCES, mkdir '/Users/simon/.npm/gulp-util/2.2.20']
502 error   errno: 3,
502 error   code: 'EACCES',
502 error   path: '/Users/simon/.npm/gulp-util/2.2.20',
502 error   parent: 'Chopstick-boilerplate' }
503 error Please try running this command again as root/Administrator.
504 error System Darwin 14.0.0
505 error command "node" "/usr/local/bin/npm" "install"
506 error cwd /Users/simon/Documents/Sites/netlash/chopstick-boilerplate
507 error node -v v0.10.36
508 error npm -v 1.4.28
509 error path /Users/simon/.npm/gulp-util/2.2.20
510 error code EACCES
511 error errno 3
512 error stack Error: EACCES, mkdir '/Users/simon/.npm/gulp-util/2.2.20'
513 verbose exit [ 3, true ]
